{"/home/gabriel/Área de Trabalho/Projetos/gobarber/web/src/components/Button/index.tsx": {"path":"/home/gabriel/Área de Trabalho/Projetos/gobarber/web/src/components/Button/index.tsx","statementMap":{"0":{"start":{"line":9,"column":38},"end":{"line":13,"column":1}},"1":{"start":{"line":10,"column":2},"end":{"line":12,"column":14}}},"fnMap":{"0":{"name":"(anonymous_0)","decl":{"start":{"line":9,"column":38},"end":{"line":9,"column":39}},"loc":{"start":{"line":10,"column":2},"end":{"line":12,"column":14}},"line":10}},"branchMap":{"0":{"loc":{"start":{"line":11,"column":5},"end":{"line":11,"column":41}},"type":"cond-expr","locations":[{"start":{"line":11,"column":15},"end":{"line":11,"column":30}},{"start":{"line":11,"column":33},"end":{"line":11,"column":41}}],"line":11}},"s":{"0":1,"1":3},"f":{"0":3},"b":{"0":[0,3]},"_coverageSchema":"43e27e138ebf9cfc5966b082cf9a028302ed4184","hash":"03589ef3c6d021db2d5a57be8639ba6452352093"}
,"/home/gabriel/Área de Trabalho/Projetos/gobarber/web/src/components/Input/index.tsx": {"path":"/home/gabriel/Área de Trabalho/Projetos/gobarber/web/src/components/Input/index.tsx","statementMap":{"0":{"start":{"line":20,"column":36},"end":{"line":72,"column":1}},"1":{"start":{"line":26,"column":19},"end":{"line":26,"column":49}},"2":{"start":{"line":27,"column":36},"end":{"line":27,"column":51}},"3":{"start":{"line":28,"column":34},"end":{"line":28,"column":49}},"4":{"start":{"line":29,"column":60},"end":{"line":29,"column":74}},"5":{"start":{"line":31,"column":27},"end":{"line":33,"column":8}},"6":{"start":{"line":32,"column":4},"end":{"line":32,"column":23}},"7":{"start":{"line":35,"column":26},"end":{"line":39,"column":8}},"8":{"start":{"line":36,"column":4},"end":{"line":36,"column":24}},"9":{"start":{"line":38,"column":4},"end":{"line":38,"column":43}},"10":{"start":{"line":41,"column":2},"end":{"line":47,"column":33}},"11":{"start":{"line":42,"column":4},"end":{"line":46,"column":7}},"12":{"start":{"line":49,"column":2},"end":{"line":71,"column":4}}},"fnMap":{"0":{"name":"(anonymous_0)","decl":{"start":{"line":20,"column":36},"end":{"line":20,"column":37}},"loc":{"start":{"line":25,"column":6},"end":{"line":72,"column":1}},"line":25},"1":{"name":"(anonymous_1)","decl":{"start":{"line":31,"column":39},"end":{"line":31,"column":40}},"loc":{"start":{"line":31,"column":45},"end":{"line":33,"column":3}},"line":31},"2":{"name":"(anonymous_2)","decl":{"start":{"line":35,"column":38},"end":{"line":35,"column":39}},"loc":{"start":{"line":35,"column":44},"end":{"line":39,"column":3}},"line":35},"3":{"name":"(anonymous_3)","decl":{"start":{"line":41,"column":12},"end":{"line":41,"column":13}},"loc":{"start":{"line":41,"column":18},"end":{"line":47,"column":3}},"line":41}},"branchMap":{"0":{"loc":{"start":{"line":21,"column":2},"end":{"line":21,"column":21}},"type":"default-arg","locations":[{"start":{"line":21,"column":19},"end":{"line":21,"column":21}}],"line":21},"1":{"loc":{"start":{"line":56,"column":7},"end":{"line":56,"column":23}},"type":"binary-expr","locations":[{"start":{"line":56,"column":7},"end":{"line":56,"column":11}},{"start":{"line":56,"column":15},"end":{"line":56,"column":23}}],"line":56},"2":{"loc":{"start":{"line":65,"column":7},"end":{"line":69,"column":7}},"type":"binary-expr","locations":[{"start":{"line":65,"column":7},"end":{"line":65,"column":12}},{"start":{"line":66,"column":8},"end":{"line":68,"column":16}}],"line":65}},"s":{"0":1,"1":14,"2":14,"3":14,"4":14,"5":14,"6":0,"7":14,"8":0,"9":0,"10":14,"11":6,"12":14},"f":{"0":14,"1":0,"2":0,"3":6},"b":{"0":[14],"1":[14,14],"2":[14,1]},"_coverageSchema":"43e27e138ebf9cfc5966b082cf9a028302ed4184","hash":"26b33a9a1f6773d4e7b5fbf5a712355c8b72d56c"}
,"/home/gabriel/Área de Trabalho/Projetos/gobarber/web/src/components/ToastContainer/index.tsx": {"path":"/home/gabriel/Área de Trabalho/Projetos/gobarber/web/src/components/ToastContainer/index.tsx","statementMap":{"0":{"start":{"line":13,"column":54},"end":{"line":31,"column":1}},"1":{"start":{"line":14,"column":34},"end":{"line":22,"column":3}},"2":{"start":{"line":16,"column":15},"end":{"line":16,"column":25}},"3":{"start":{"line":24,"column":2},"end":{"line":30,"column":4}},"4":{"start":{"line":27,"column":8},"end":{"line":27,"column":56}}},"fnMap":{"0":{"name":"(anonymous_0)","decl":{"start":{"line":13,"column":54},"end":{"line":13,"column":55}},"loc":{"start":{"line":13,"column":72},"end":{"line":31,"column":1}},"line":13},"1":{"name":"(anonymous_1)","decl":{"start":{"line":16,"column":4},"end":{"line":16,"column":5}},"loc":{"start":{"line":16,"column":15},"end":{"line":16,"column":25}},"line":16},"2":{"name":"(anonymous_2)","decl":{"start":{"line":26,"column":35},"end":{"line":26,"column":36}},"loc":{"start":{"line":27,"column":8},"end":{"line":27,"column":56}},"line":27}},"branchMap":{},"s":{"0":0,"1":0,"2":0,"3":0,"4":0},"f":{"0":0,"1":0,"2":0},"b":{},"hash":"c195ccd9c59a2faeeafebec1f523242835da70a0"}
,"/home/gabriel/Área de Trabalho/Projetos/gobarber/web/src/components/ToastContainer/Toast/index.tsx": {"path":"/home/gabriel/Área de Trabalho/Projetos/gobarber/web/src/components/ToastContainer/Toast/index.tsx","statementMap":{"0":{"start":{"line":18,"column":14},"end":{"line":22,"column":1}},"1":{"start":{"line":24,"column":36},"end":{"line":55,"column":1}},"2":{"start":{"line":25,"column":26},"end":{"line":25,"column":36}},"3":{"start":{"line":27,"column":2},"end":{"line":35,"column":32}},"4":{"start":{"line":28,"column":18},"end":{"line":30,"column":12}},"5":{"start":{"line":29,"column":6},"end":{"line":29,"column":30}},"6":{"start":{"line":32,"column":4},"end":{"line":34,"column":6}},"7":{"start":{"line":33,"column":6},"end":{"line":33,"column":26}},"8":{"start":{"line":37,"column":2},"end":{"line":54,"column":4}},"9":{"start":{"line":50,"column":29},"end":{"line":50,"column":52}}},"fnMap":{"0":{"name":"(anonymous_0)","decl":{"start":{"line":24,"column":36},"end":{"line":24,"column":37}},"loc":{"start":{"line":24,"column":60},"end":{"line":55,"column":1}},"line":24},"1":{"name":"(anonymous_1)","decl":{"start":{"line":27,"column":12},"end":{"line":27,"column":13}},"loc":{"start":{"line":27,"column":18},"end":{"line":35,"column":3}},"line":27},"2":{"name":"(anonymous_2)","decl":{"start":{"line":28,"column":29},"end":{"line":28,"column":30}},"loc":{"start":{"line":28,"column":35},"end":{"line":30,"column":5}},"line":28},"3":{"name":"(anonymous_3)","decl":{"start":{"line":32,"column":11},"end":{"line":32,"column":12}},"loc":{"start":{"line":32,"column":17},"end":{"line":34,"column":5}},"line":32},"4":{"name":"(anonymous_4)","decl":{"start":{"line":50,"column":23},"end":{"line":50,"column":24}},"loc":{"start":{"line":50,"column":29},"end":{"line":50,"column":52}},"line":50}},"branchMap":{"0":{"loc":{"start":{"line":43,"column":13},"end":{"line":43,"column":35}},"type":"binary-expr","locations":[{"start":{"line":43,"column":13},"end":{"line":43,"column":25}},{"start":{"line":43,"column":29},"end":{"line":43,"column":35}}],"line":43},"1":{"loc":{"start":{"line":47,"column":9},"end":{"line":47,"column":60}},"type":"binary-expr","locations":[{"start":{"line":47,"column":9},"end":{"line":47,"column":28}},{"start":{"line":47,"column":32},"end":{"line":47,"column":60}}],"line":47}},"s":{"0":0,"1":0,"2":0,"3":0,"4":0,"5":0,"6":0,"7":0,"8":0,"9":0},"f":{"0":0,"1":0,"2":0,"3":0,"4":0},"b":{"0":[0,0],"1":[0,0]},"hash":"20f092464d05cc1a43c9d916eee33f2c7e3eb87d"}
,"/home/gabriel/Área de Trabalho/Projetos/gobarber/web/src/components/Tooltip/index.tsx": {"path":"/home/gabriel/Área de Trabalho/Projetos/gobarber/web/src/components/Tooltip/index.tsx","statementMap":{"0":{"start":{"line":10,"column":40},"end":{"line":21,"column":1}},"1":{"start":{"line":15,"column":2},"end":{"line":20,"column":4}}},"fnMap":{"0":{"name":"(anonymous_0)","decl":{"start":{"line":10,"column":40},"end":{"line":10,"column":41}},"loc":{"start":{"line":14,"column":6},"end":{"line":21,"column":1}},"line":14}},"branchMap":{"0":{"loc":{"start":{"line":12,"column":2},"end":{"line":12,"column":16}},"type":"default-arg","locations":[{"start":{"line":12,"column":14},"end":{"line":12,"column":16}}],"line":12}},"s":{"0":1,"1":1},"f":{"0":1},"b":{"0":[0]},"_coverageSchema":"43e27e138ebf9cfc5966b082cf9a028302ed4184","hash":"0ab10bce3500836ba61c9c450f3010bb78afc275"}
,"/home/gabriel/Área de Trabalho/Projetos/gobarber/web/src/hooks/auth.tsx": {"path":"/home/gabriel/Área de Trabalho/Projetos/gobarber/web/src/hooks/auth.tsx","statementMap":{"0":{"start":{"line":29,"column":20},"end":{"line":29,"column":73}},"1":{"start":{"line":31,"column":31},"end":{"line":85,"column":1}},"2":{"start":{"line":32,"column":26},"end":{"line":43,"column":4}},"3":{"start":{"line":33,"column":18},"end":{"line":33,"column":57}},"4":{"start":{"line":34,"column":17},"end":{"line":34,"column":55}},"5":{"start":{"line":36,"column":4},"end":{"line":40,"column":5}},"6":{"start":{"line":37,"column":6},"end":{"line":37,"column":61}},"7":{"start":{"line":39,"column":6},"end":{"line":39,"column":47}},"8":{"start":{"line":42,"column":4},"end":{"line":42,"column":27}},"9":{"start":{"line":45,"column":17},"end":{"line":56,"column":8}},"10":{"start":{"line":46,"column":21},"end":{"line":46,"column":68}},"11":{"start":{"line":48,"column":28},"end":{"line":48,"column":41}},"12":{"start":{"line":50,"column":4},"end":{"line":50,"column":51}},"13":{"start":{"line":51,"column":4},"end":{"line":51,"column":65}},"14":{"start":{"line":53,"column":4},"end":{"line":53,"column":59}},"15":{"start":{"line":55,"column":4},"end":{"line":55,"column":29}},"16":{"start":{"line":58,"column":18},"end":{"line":63,"column":8}},"17":{"start":{"line":59,"column":4},"end":{"line":59,"column":47}},"18":{"start":{"line":60,"column":4},"end":{"line":60,"column":46}},"19":{"start":{"line":62,"column":4},"end":{"line":62,"column":29}},"20":{"start":{"line":65,"column":21},"end":{"line":76,"column":3}},"21":{"start":{"line":67,"column":6},"end":{"line":70,"column":9}},"22":{"start":{"line":72,"column":6},"end":{"line":72,"column":58}},"23":{"start":{"line":73,"column":6},"end":{"line":73,"column":67}},"24":{"start":{"line":78,"column":2},"end":{"line":84,"column":4}},"25":{"start":{"line":88,"column":18},"end":{"line":88,"column":41}},"26":{"start":{"line":90,"column":2},"end":{"line":92,"column":3}},"27":{"start":{"line":91,"column":4},"end":{"line":91,"column":67}},"28":{"start":{"line":94,"column":2},"end":{"line":94,"column":17}}},"fnMap":{"0":{"name":"(anonymous_0)","decl":{"start":{"line":31,"column":31},"end":{"line":31,"column":32}},"loc":{"start":{"line":31,"column":49},"end":{"line":85,"column":1}},"line":31},"1":{"name":"(anonymous_1)","decl":{"start":{"line":32,"column":46},"end":{"line":32,"column":47}},"loc":{"start":{"line":32,"column":52},"end":{"line":43,"column":3}},"line":32},"2":{"name":"(anonymous_2)","decl":{"start":{"line":45,"column":29},"end":{"line":45,"column":30}},"loc":{"start":{"line":45,"column":60},"end":{"line":56,"column":3}},"line":45},"3":{"name":"(anonymous_3)","decl":{"start":{"line":58,"column":30},"end":{"line":58,"column":31}},"loc":{"start":{"line":58,"column":36},"end":{"line":63,"column":3}},"line":58},"4":{"name":"(anonymous_4)","decl":{"start":{"line":66,"column":4},"end":{"line":66,"column":5}},"loc":{"start":{"line":66,"column":20},"end":{"line":74,"column":5}},"line":66},"5":{"name":"useAuth","decl":{"start":{"line":87,"column":9},"end":{"line":87,"column":16}},"loc":{"start":{"line":87,"column":36},"end":{"line":95,"column":1}},"line":87}},"branchMap":{"0":{"loc":{"start":{"line":36,"column":4},"end":{"line":40,"column":5}},"type":"if","locations":[{"start":{"line":36,"column":4},"end":{"line":40,"column":5}},{"start":{"line":36,"column":4},"end":{"line":40,"column":5}}],"line":36},"1":{"loc":{"start":{"line":36,"column":8},"end":{"line":36,"column":21}},"type":"binary-expr","locations":[{"start":{"line":36,"column":8},"end":{"line":36,"column":13}},{"start":{"line":36,"column":17},"end":{"line":36,"column":21}}],"line":36},"2":{"loc":{"start":{"line":90,"column":2},"end":{"line":92,"column":3}},"type":"if","locations":[{"start":{"line":90,"column":2},"end":{"line":92,"column":3}},{"start":{"line":90,"column":2},"end":{"line":92,"column":3}}],"line":90}},"s":{"0":0,"1":0,"2":0,"3":0,"4":0,"5":0,"6":0,"7":0,"8":0,"9":0,"10":0,"11":0,"12":0,"13":0,"14":0,"15":0,"16":0,"17":0,"18":0,"19":0,"20":0,"21":0,"22":0,"23":0,"24":0,"25":0,"26":0,"27":0,"28":0},"f":{"0":0,"1":0,"2":0,"3":0,"4":0,"5":0},"b":{"0":[0,0],"1":[0,0],"2":[0,0]},"hash":"022e031786279c0e027e8e933c3cccb0e8ddfd35"}
,"/home/gabriel/Área de Trabalho/Projetos/gobarber/web/src/hooks/toast.tsx": {"path":"/home/gabriel/Área de Trabalho/Projetos/gobarber/web/src/hooks/toast.tsx","statementMap":{"0":{"start":{"line":18,"column":21},"end":{"line":18,"column":76}},"1":{"start":{"line":20,"column":32},"end":{"line":51,"column":1}},"2":{"start":{"line":21,"column":34},"end":{"line":21,"column":62}},"3":{"start":{"line":23,"column":19},"end":{"line":37,"column":3}},"4":{"start":{"line":25,"column":17},"end":{"line":25,"column":23}},"5":{"start":{"line":27,"column":20},"end":{"line":32,"column":7}},"6":{"start":{"line":34,"column":6},"end":{"line":34,"column":58}},"7":{"start":{"line":34,"column":33},"end":{"line":34,"column":56}},"8":{"start":{"line":39,"column":22},"end":{"line":43,"column":8}},"9":{"start":{"line":40,"column":4},"end":{"line":42,"column":6}},"10":{"start":{"line":41,"column":6},"end":{"line":41,"column":54}},"11":{"start":{"line":41,"column":36},"end":{"line":41,"column":53}},"12":{"start":{"line":45,"column":2},"end":{"line":50,"column":4}},"13":{"start":{"line":54,"column":18},"end":{"line":54,"column":42}},"14":{"start":{"line":56,"column":2},"end":{"line":58,"column":3}},"15":{"start":{"line":57,"column":4},"end":{"line":57,"column":67}},"16":{"start":{"line":60,"column":2},"end":{"line":60,"column":17}}},"fnMap":{"0":{"name":"(anonymous_0)","decl":{"start":{"line":20,"column":32},"end":{"line":20,"column":33}},"loc":{"start":{"line":20,"column":50},"end":{"line":51,"column":1}},"line":20},"1":{"name":"(anonymous_1)","decl":{"start":{"line":24,"column":4},"end":{"line":24,"column":5}},"loc":{"start":{"line":24,"column":64},"end":{"line":35,"column":5}},"line":24},"2":{"name":"(anonymous_2)","decl":{"start":{"line":34,"column":18},"end":{"line":34,"column":19}},"loc":{"start":{"line":34,"column":33},"end":{"line":34,"column":56}},"line":34},"3":{"name":"(anonymous_3)","decl":{"start":{"line":39,"column":34},"end":{"line":39,"column":35}},"loc":{"start":{"line":39,"column":50},"end":{"line":43,"column":3}},"line":39},"4":{"name":"(anonymous_4)","decl":{"start":{"line":40,"column":16},"end":{"line":40,"column":17}},"loc":{"start":{"line":41,"column":6},"end":{"line":41,"column":54}},"line":41},"5":{"name":"(anonymous_5)","decl":{"start":{"line":41,"column":25},"end":{"line":41,"column":26}},"loc":{"start":{"line":41,"column":36},"end":{"line":41,"column":53}},"line":41},"6":{"name":"useToast","decl":{"start":{"line":53,"column":9},"end":{"line":53,"column":17}},"loc":{"start":{"line":53,"column":38},"end":{"line":61,"column":1}},"line":53}},"branchMap":{"0":{"loc":{"start":{"line":56,"column":2},"end":{"line":58,"column":3}},"type":"if","locations":[{"start":{"line":56,"column":2},"end":{"line":58,"column":3}},{"start":{"line":56,"column":2},"end":{"line":58,"column":3}}],"line":56}},"s":{"0":0,"1":0,"2":0,"3":0,"4":0,"5":0,"6":0,"7":0,"8":0,"9":0,"10":0,"11":0,"12":0,"13":0,"14":0,"15":0,"16":0},"f":{"0":0,"1":0,"2":0,"3":0,"4":0,"5":0,"6":0},"b":{"0":[0,0]},"hash":"1c896c12604bc233625790e3407c43bb3db85b8b"}
,"/home/gabriel/Área de Trabalho/Projetos/gobarber/web/src/pages/Dashboard/index.tsx": {"path":"/home/gabriel/Área de Trabalho/Projetos/gobarber/web/src/pages/Dashboard/index.tsx","statementMap":{"0":{"start":{"line":41,"column":28},"end":{"line":263,"column":1}},"1":{"start":{"line":42,"column":42},"end":{"line":42,"column":62}},"2":{"start":{"line":43,"column":42},"end":{"line":43,"column":62}},"3":{"start":{"line":44,"column":42},"end":{"line":44,"column":69}},"4":{"start":{"line":45,"column":52},"end":{"line":47,"column":7}},"5":{"start":{"line":49,"column":28},"end":{"line":49,"column":37}},"6":{"start":{"line":51,"column":26},"end":{"line":55,"column":8}},"7":{"start":{"line":52,"column":4},"end":{"line":54,"column":5}},"8":{"start":{"line":53,"column":6},"end":{"line":53,"column":27}},"9":{"start":{"line":57,"column":28},"end":{"line":59,"column":8}},"10":{"start":{"line":58,"column":4},"end":{"line":58,"column":27}},"11":{"start":{"line":61,"column":2},"end":{"line":72,"column":30}},"12":{"start":{"line":62,"column":4},"end":{"line":71,"column":9}},"13":{"start":{"line":70,"column":8},"end":{"line":70,"column":44}},"14":{"start":{"line":74,"column":2},"end":{"line":93,"column":21}},"15":{"start":{"line":75,"column":4},"end":{"line":92,"column":9}},"16":{"start":{"line":84,"column":38},"end":{"line":89,"column":10}},"17":{"start":{"line":85,"column":10},"end":{"line":88,"column":12}},"18":{"start":{"line":91,"column":8},"end":{"line":91,"column":47}},"19":{"start":{"line":95,"column":23},"end":{"line":106,"column":39}},"20":{"start":{"line":96,"column":18},"end":{"line":103,"column":8}},"21":{"start":{"line":97,"column":26},"end":{"line":97,"column":54}},"22":{"start":{"line":99,"column":21},"end":{"line":99,"column":47}},"23":{"start":{"line":100,"column":22},"end":{"line":100,"column":45}},"24":{"start":{"line":102,"column":8},"end":{"line":102,"column":51}},"25":{"start":{"line":105,"column":4},"end":{"line":105,"column":17}},"26":{"start":{"line":108,"column":29},"end":{"line":110,"column":20}},"27":{"start":{"line":109,"column":4},"end":{"line":109,"column":72}},"28":{"start":{"line":112,"column":26},"end":{"line":114,"column":20}},"29":{"start":{"line":113,"column":4},"end":{"line":113,"column":58}},"30":{"start":{"line":116,"column":30},"end":{"line":120,"column":20}},"31":{"start":{"line":117,"column":4},"end":{"line":119,"column":7}},"32":{"start":{"line":118,"column":6},"end":{"line":118,"column":56}},"33":{"start":{"line":122,"column":32},"end":{"line":126,"column":20}},"34":{"start":{"line":123,"column":4},"end":{"line":125,"column":7}},"35":{"start":{"line":124,"column":6},"end":{"line":124,"column":57}},"36":{"start":{"line":128,"column":26},"end":{"line":132,"column":20}},"37":{"start":{"line":129,"column":4},"end":{"line":131,"column":6}},"38":{"start":{"line":130,"column":6},"end":{"line":130,"column":53}},"39":{"start":{"line":134,"column":2},"end":{"line":262,"column":4}},"40":{"start":{"line":190,"column":14},"end":{"line":203,"column":28}},"41":{"start":{"line":215,"column":14},"end":{"line":228,"column":28}}},"fnMap":{"0":{"name":"(anonymous_0)","decl":{"start":{"line":41,"column":28},"end":{"line":41,"column":29}},"loc":{"start":{"line":41,"column":34},"end":{"line":263,"column":1}},"line":41},"1":{"name":"(anonymous_1)","decl":{"start":{"line":51,"column":38},"end":{"line":51,"column":39}},"loc":{"start":{"line":51,"column":78},"end":{"line":55,"column":3}},"line":51},"2":{"name":"(anonymous_2)","decl":{"start":{"line":57,"column":40},"end":{"line":57,"column":41}},"loc":{"start":{"line":57,"column":57},"end":{"line":59,"column":3}},"line":57},"3":{"name":"(anonymous_3)","decl":{"start":{"line":61,"column":12},"end":{"line":61,"column":13}},"loc":{"start":{"line":61,"column":18},"end":{"line":72,"column":3}},"line":61},"4":{"name":"(anonymous_4)","decl":{"start":{"line":69,"column":12},"end":{"line":69,"column":13}},"loc":{"start":{"line":69,"column":24},"end":{"line":71,"column":7}},"line":69},"5":{"name":"(anonymous_5)","decl":{"start":{"line":74,"column":12},"end":{"line":74,"column":13}},"loc":{"start":{"line":74,"column":18},"end":{"line":93,"column":3}},"line":74},"6":{"name":"(anonymous_6)","decl":{"start":{"line":83,"column":12},"end":{"line":83,"column":13}},"loc":{"start":{"line":83,"column":24},"end":{"line":92,"column":7}},"line":83},"7":{"name":"(anonymous_7)","decl":{"start":{"line":84,"column":56},"end":{"line":84,"column":57}},"loc":{"start":{"line":84,"column":71},"end":{"line":89,"column":9}},"line":84},"8":{"name":"(anonymous_8)","decl":{"start":{"line":95,"column":31},"end":{"line":95,"column":32}},"loc":{"start":{"line":95,"column":37},"end":{"line":106,"column":3}},"line":95},"9":{"name":"(anonymous_9)","decl":{"start":{"line":97,"column":14},"end":{"line":97,"column":15}},"loc":{"start":{"line":97,"column":26},"end":{"line":97,"column":54}},"line":97},"10":{"name":"(anonymous_10)","decl":{"start":{"line":98,"column":11},"end":{"line":98,"column":12}},"loc":{"start":{"line":98,"column":23},"end":{"line":103,"column":7}},"line":98},"11":{"name":"(anonymous_11)","decl":{"start":{"line":108,"column":37},"end":{"line":108,"column":38}},"loc":{"start":{"line":108,"column":43},"end":{"line":110,"column":3}},"line":108},"12":{"name":"(anonymous_12)","decl":{"start":{"line":112,"column":34},"end":{"line":112,"column":35}},"loc":{"start":{"line":112,"column":40},"end":{"line":114,"column":3}},"line":112},"13":{"name":"(anonymous_13)","decl":{"start":{"line":116,"column":38},"end":{"line":116,"column":39}},"loc":{"start":{"line":116,"column":44},"end":{"line":120,"column":3}},"line":116},"14":{"name":"(anonymous_14)","decl":{"start":{"line":117,"column":31},"end":{"line":117,"column":32}},"loc":{"start":{"line":117,"column":46},"end":{"line":119,"column":5}},"line":117},"15":{"name":"(anonymous_15)","decl":{"start":{"line":122,"column":40},"end":{"line":122,"column":41}},"loc":{"start":{"line":122,"column":46},"end":{"line":126,"column":3}},"line":122},"16":{"name":"(anonymous_16)","decl":{"start":{"line":123,"column":31},"end":{"line":123,"column":32}},"loc":{"start":{"line":123,"column":46},"end":{"line":125,"column":5}},"line":123},"17":{"name":"(anonymous_17)","decl":{"start":{"line":128,"column":34},"end":{"line":128,"column":35}},"loc":{"start":{"line":128,"column":40},"end":{"line":132,"column":3}},"line":128},"18":{"name":"(anonymous_18)","decl":{"start":{"line":129,"column":29},"end":{"line":129,"column":30}},"loc":{"start":{"line":130,"column":6},"end":{"line":130,"column":53}},"line":130},"19":{"name":"(anonymous_19)","decl":{"start":{"line":189,"column":37},"end":{"line":189,"column":38}},"loc":{"start":{"line":190,"column":14},"end":{"line":203,"column":28}},"line":190},"20":{"name":"(anonymous_20)","decl":{"start":{"line":214,"column":39},"end":{"line":214,"column":40}},"loc":{"start":{"line":215,"column":14},"end":{"line":228,"column":28}},"line":215}},"branchMap":{"0":{"loc":{"start":{"line":52,"column":4},"end":{"line":54,"column":5}},"type":"if","locations":[{"start":{"line":52,"column":4},"end":{"line":54,"column":5}},{"start":{"line":52,"column":4},"end":{"line":54,"column":5}}],"line":52},"1":{"loc":{"start":{"line":52,"column":8},"end":{"line":52,"column":50}},"type":"binary-expr","locations":[{"start":{"line":52,"column":8},"end":{"line":52,"column":27}},{"start":{"line":52,"column":31},"end":{"line":52,"column":50}}],"line":52},"2":{"loc":{"start":{"line":159,"column":13},"end":{"line":159,"column":55}},"type":"binary-expr","locations":[{"start":{"line":159,"column":13},"end":{"line":159,"column":34}},{"start":{"line":159,"column":38},"end":{"line":159,"column":55}}],"line":159},"3":{"loc":{"start":{"line":163,"column":11},"end":{"line":180,"column":11}},"type":"binary-expr","locations":[{"start":{"line":163,"column":11},"end":{"line":163,"column":32}},{"start":{"line":163,"column":36},"end":{"line":163,"column":51}},{"start":{"line":164,"column":12},"end":{"line":179,"column":30}}],"line":163},"4":{"loc":{"start":{"line":185,"column":13},"end":{"line":187,"column":13}},"type":"binary-expr","locations":[{"start":{"line":185,"column":13},"end":{"line":185,"column":45}},{"start":{"line":186,"column":14},"end":{"line":186,"column":53}}],"line":185},"5":{"loc":{"start":{"line":210,"column":13},"end":{"line":212,"column":13}},"type":"binary-expr","locations":[{"start":{"line":210,"column":13},"end":{"line":210,"column":47}},{"start":{"line":211,"column":14},"end":{"line":211,"column":53}}],"line":210}},"s":{"0":0,"1":0,"2":0,"3":0,"4":0,"5":0,"6":0,"7":0,"8":0,"9":0,"10":0,"11":0,"12":0,"13":0,"14":0,"15":0,"16":0,"17":0,"18":0,"19":0,"20":0,"21":0,"22":0,"23":0,"24":0,"25":0,"26":0,"27":0,"28":0,"29":0,"30":0,"31":0,"32":0,"33":0,"34":0,"35":0,"36":0,"37":0,"38":0,"39":0,"40":0,"41":0},"f":{"0":0,"1":0,"2":0,"3":0,"4":0,"5":0,"6":0,"7":0,"8":0,"9":0,"10":0,"11":0,"12":0,"13":0,"14":0,"15":0,"16":0,"17":0,"18":0,"19":0,"20":0},"b":{"0":[0,0],"1":[0,0],"2":[0,0],"3":[0,0,0],"4":[0,0],"5":[0,0]},"hash":"94553a4a130ce66705b8dda720fa6018ea4f9d01"}
,"/home/gabriel/Área de Trabalho/Projetos/gobarber/web/src/pages/ForgotPassword/index.tsx": {"path":"/home/gabriel/Área de Trabalho/Projetos/gobarber/web/src/pages/ForgotPassword/index.tsx","statementMap":{"0":{"start":{"line":24,"column":33},"end":{"line":102,"column":1}},"1":{"start":{"line":25,"column":32},"end":{"line":25,"column":47}},"2":{"start":{"line":26,"column":18},"end":{"line":26,"column":43}},"3":{"start":{"line":28,"column":23},"end":{"line":28,"column":33}},"4":{"start":{"line":30,"column":23},"end":{"line":75,"column":3}},"5":{"start":{"line":32,"column":6},"end":{"line":72,"column":7}},"6":{"start":{"line":33,"column":8},"end":{"line":33,"column":25}},"7":{"start":{"line":34,"column":8},"end":{"line":34,"column":39}},"8":{"start":{"line":36,"column":23},"end":{"line":40,"column":10}},"9":{"start":{"line":42,"column":8},"end":{"line":44,"column":11}},"10":{"start":{"line":48,"column":8},"end":{"line":48,"column":66}},"11":{"start":{"line":50,"column":8},"end":{"line":54,"column":11}},"12":{"start":{"line":56,"column":8},"end":{"line":62,"column":9}},"13":{"start":{"line":57,"column":25},"end":{"line":57,"column":49}},"14":{"start":{"line":59,"column":10},"end":{"line":59,"column":45}},"15":{"start":{"line":61,"column":10},"end":{"line":61,"column":17}},"16":{"start":{"line":64,"column":8},"end":{"line":69,"column":11}},"17":{"start":{"line":71,"column":8},"end":{"line":71,"column":26}},"18":{"start":{"line":77,"column":2},"end":{"line":101,"column":4}}},"fnMap":{"0":{"name":"(anonymous_0)","decl":{"start":{"line":24,"column":33},"end":{"line":24,"column":34}},"loc":{"start":{"line":24,"column":39},"end":{"line":102,"column":1}},"line":24},"1":{"name":"(anonymous_1)","decl":{"start":{"line":31,"column":4},"end":{"line":31,"column":5}},"loc":{"start":{"line":31,"column":44},"end":{"line":73,"column":5}},"line":31}},"branchMap":{"0":{"loc":{"start":{"line":56,"column":8},"end":{"line":62,"column":9}},"type":"if","locations":[{"start":{"line":56,"column":8},"end":{"line":62,"column":9}},{"start":{"line":56,"column":8},"end":{"line":62,"column":9}}],"line":56}},"s":{"0":0,"1":0,"2":0,"3":0,"4":0,"5":0,"6":0,"7":0,"8":0,"9":0,"10":0,"11":0,"12":0,"13":0,"14":0,"15":0,"16":0,"17":0,"18":0},"f":{"0":0,"1":0},"b":{"0":[0,0]},"hash":"c37a2f83fec5d56d44bcb64bf91bfdf16cd81f7c"}
,"/home/gabriel/Área de Trabalho/Projetos/gobarber/web/src/pages/Profile/index.tsx": {"path":"/home/gabriel/Área de Trabalho/Projetos/gobarber/web/src/pages/Profile/index.tsx","statementMap":{"0":{"start":{"line":28,"column":26},"end":{"line":193,"column":1}},"1":{"start":{"line":29,"column":18},"end":{"line":29,"column":43}},"2":{"start":{"line":30,"column":23},"end":{"line":30,"column":33}},"3":{"start":{"line":31,"column":18},"end":{"line":31,"column":30}},"4":{"start":{"line":33,"column":31},"end":{"line":33,"column":40}},"5":{"start":{"line":35,"column":23},"end":{"line":112,"column":3}},"6":{"start":{"line":37,"column":6},"end":{"line":109,"column":7}},"7":{"start":{"line":38,"column":8},"end":{"line":38,"column":39}},"8":{"start":{"line":40,"column":23},"end":{"line":58,"column":10}},"9":{"start":{"line":47,"column":25},"end":{"line":47,"column":39}},"10":{"start":{"line":53,"column":27},"end":{"line":53,"column":41}},"11":{"start":{"line":60,"column":8},"end":{"line":62,"column":11}},"12":{"start":{"line":70,"column":12},"end":{"line":70,"column":16}},"13":{"start":{"line":72,"column":25},"end":{"line":82,"column":9}},"14":{"start":{"line":84,"column":28},"end":{"line":84,"column":63}},"15":{"start":{"line":86,"column":8},"end":{"line":86,"column":37}},"16":{"start":{"line":88,"column":8},"end":{"line":88,"column":35}},"17":{"start":{"line":90,"column":8},"end":{"line":94,"column":11}},"18":{"start":{"line":96,"column":8},"end":{"line":102,"column":9}},"19":{"start":{"line":97,"column":25},"end":{"line":97,"column":49}},"20":{"start":{"line":99,"column":10},"end":{"line":99,"column":45}},"21":{"start":{"line":101,"column":10},"end":{"line":101,"column":17}},"22":{"start":{"line":104,"column":8},"end":{"line":108,"column":11}},"23":{"start":{"line":114,"column":29},"end":{"line":132,"column":3}},"24":{"start":{"line":116,"column":6},"end":{"line":129,"column":7}},"25":{"start":{"line":117,"column":21},"end":{"line":117,"column":35}},"26":{"start":{"line":119,"column":8},"end":{"line":119,"column":49}},"27":{"start":{"line":121,"column":8},"end":{"line":128,"column":11}},"28":{"start":{"line":122,"column":10},"end":{"line":122,"column":36}},"29":{"start":{"line":124,"column":10},"end":{"line":127,"column":13}},"30":{"start":{"line":134,"column":2},"end":{"line":192,"column":4}}},"fnMap":{"0":{"name":"(anonymous_0)","decl":{"start":{"line":28,"column":26},"end":{"line":28,"column":27}},"loc":{"start":{"line":28,"column":32},"end":{"line":193,"column":1}},"line":28},"1":{"name":"(anonymous_1)","decl":{"start":{"line":36,"column":4},"end":{"line":36,"column":5}},"loc":{"start":{"line":36,"column":37},"end":{"line":110,"column":5}},"line":36},"2":{"name":"(anonymous_2)","decl":{"start":{"line":47,"column":16},"end":{"line":47,"column":17}},"loc":{"start":{"line":47,"column":25},"end":{"line":47,"column":39}},"line":47},"3":{"name":"(anonymous_3)","decl":{"start":{"line":53,"column":18},"end":{"line":53,"column":19}},"loc":{"start":{"line":53,"column":27},"end":{"line":53,"column":41}},"line":53},"4":{"name":"(anonymous_4)","decl":{"start":{"line":115,"column":4},"end":{"line":115,"column":5}},"loc":{"start":{"line":115,"column":42},"end":{"line":130,"column":5}},"line":115},"5":{"name":"(anonymous_5)","decl":{"start":{"line":121,"column":46},"end":{"line":121,"column":47}},"loc":{"start":{"line":121,"column":58},"end":{"line":128,"column":9}},"line":121}},"branchMap":{"0":{"loc":{"start":{"line":75,"column":14},"end":{"line":81,"column":16}},"type":"cond-expr","locations":[{"start":{"line":76,"column":14},"end":{"line":80,"column":15}},{"start":{"line":81,"column":14},"end":{"line":81,"column":16}}],"line":75},"1":{"loc":{"start":{"line":96,"column":8},"end":{"line":102,"column":9}},"type":"if","locations":[{"start":{"line":96,"column":8},"end":{"line":102,"column":9}},{"start":{"line":96,"column":8},"end":{"line":102,"column":9}}],"line":96},"2":{"loc":{"start":{"line":116,"column":6},"end":{"line":129,"column":7}},"type":"if","locations":[{"start":{"line":116,"column":6},"end":{"line":129,"column":7}},{"start":{"line":116,"column":6},"end":{"line":129,"column":7}}],"line":116}},"s":{"0":0,"1":0,"2":0,"3":0,"4":0,"5":0,"6":0,"7":0,"8":0,"9":0,"10":0,"11":0,"12":0,"13":0,"14":0,"15":0,"16":0,"17":0,"18":0,"19":0,"20":0,"21":0,"22":0,"23":0,"24":0,"25":0,"26":0,"27":0,"28":0,"29":0,"30":0},"f":{"0":0,"1":0,"2":0,"3":0,"4":0,"5":0},"b":{"0":[0,0],"1":[0,0],"2":[0,0]},"hash":"ce3641a22bc35cec26af2d22dd1baacb1f3312e8"}
,"/home/gabriel/Área de Trabalho/Projetos/gobarber/web/src/pages/ResetPassword/index.tsx": {"path":"/home/gabriel/Área de Trabalho/Projetos/gobarber/web/src/pages/ResetPassword/index.tsx","statementMap":{"0":{"start":{"line":25,"column":25},"end":{"line":113,"column":1}},"1":{"start":{"line":26,"column":18},"end":{"line":26,"column":30}},"2":{"start":{"line":28,"column":18},"end":{"line":28,"column":43}},"3":{"start":{"line":29,"column":19},"end":{"line":29,"column":32}},"4":{"start":{"line":31,"column":23},"end":{"line":31,"column":33}},"5":{"start":{"line":33,"column":23},"end":{"line":81,"column":3}},"6":{"start":{"line":35,"column":6},"end":{"line":78,"column":7}},"7":{"start":{"line":36,"column":8},"end":{"line":36,"column":39}},"8":{"start":{"line":38,"column":23},"end":{"line":44,"column":10}},"9":{"start":{"line":46,"column":8},"end":{"line":48,"column":11}},"10":{"start":{"line":50,"column":52},"end":{"line":50,"column":56}},"11":{"start":{"line":51,"column":22},"end":{"line":51,"column":60}},"12":{"start":{"line":53,"column":8},"end":{"line":55,"column":9}},"13":{"start":{"line":54,"column":10},"end":{"line":54,"column":28}},"14":{"start":{"line":57,"column":8},"end":{"line":61,"column":11}},"15":{"start":{"line":63,"column":8},"end":{"line":63,"column":26}},"16":{"start":{"line":65,"column":8},"end":{"line":71,"column":9}},"17":{"start":{"line":66,"column":25},"end":{"line":66,"column":49}},"18":{"start":{"line":68,"column":10},"end":{"line":68,"column":45}},"19":{"start":{"line":70,"column":10},"end":{"line":70,"column":17}},"20":{"start":{"line":73,"column":8},"end":{"line":77,"column":11}},"21":{"start":{"line":83,"column":2},"end":{"line":112,"column":4}}},"fnMap":{"0":{"name":"(anonymous_0)","decl":{"start":{"line":25,"column":25},"end":{"line":25,"column":26}},"loc":{"start":{"line":25,"column":31},"end":{"line":113,"column":1}},"line":25},"1":{"name":"(anonymous_1)","decl":{"start":{"line":34,"column":4},"end":{"line":34,"column":5}},"loc":{"start":{"line":34,"column":43},"end":{"line":79,"column":5}},"line":34}},"branchMap":{"0":{"loc":{"start":{"line":53,"column":8},"end":{"line":55,"column":9}},"type":"if","locations":[{"start":{"line":53,"column":8},"end":{"line":55,"column":9}},{"start":{"line":53,"column":8},"end":{"line":55,"column":9}}],"line":53},"1":{"loc":{"start":{"line":65,"column":8},"end":{"line":71,"column":9}},"type":"if","locations":[{"start":{"line":65,"column":8},"end":{"line":71,"column":9}},{"start":{"line":65,"column":8},"end":{"line":71,"column":9}}],"line":65}},"s":{"0":0,"1":0,"2":0,"3":0,"4":0,"5":0,"6":0,"7":0,"8":0,"9":0,"10":0,"11":0,"12":0,"13":0,"14":0,"15":0,"16":0,"17":0,"18":0,"19":0,"20":0,"21":0},"f":{"0":0,"1":0},"b":{"0":[0,0],"1":[0,0]},"hash":"8421fd173089e8c7bdbc26a365f1c303351385e6"}
,"/home/gabriel/Área de Trabalho/Projetos/gobarber/web/src/pages/SignIn/index.tsx": {"path":"/home/gabriel/Área de Trabalho/Projetos/gobarber/web/src/pages/SignIn/index.tsx","statementMap":{"0":{"start":{"line":25,"column":25},"end":{"line":105,"column":1}},"1":{"start":{"line":26,"column":18},"end":{"line":26,"column":43}},"2":{"start":{"line":28,"column":21},"end":{"line":28,"column":30}},"3":{"start":{"line":29,"column":23},"end":{"line":29,"column":33}},"4":{"start":{"line":30,"column":18},"end":{"line":30,"column":30}},"5":{"start":{"line":32,"column":23},"end":{"line":71,"column":3}},"6":{"start":{"line":34,"column":6},"end":{"line":68,"column":7}},"7":{"start":{"line":35,"column":8},"end":{"line":35,"column":39}},"8":{"start":{"line":37,"column":23},"end":{"line":42,"column":10}},"9":{"start":{"line":44,"column":8},"end":{"line":46,"column":11}},"10":{"start":{"line":48,"column":8},"end":{"line":51,"column":11}},"11":{"start":{"line":53,"column":8},"end":{"line":53,"column":35}},"12":{"start":{"line":55,"column":8},"end":{"line":61,"column":9}},"13":{"start":{"line":56,"column":25},"end":{"line":56,"column":49}},"14":{"start":{"line":58,"column":10},"end":{"line":58,"column":45}},"15":{"start":{"line":60,"column":10},"end":{"line":60,"column":17}},"16":{"start":{"line":63,"column":8},"end":{"line":67,"column":11}},"17":{"start":{"line":73,"column":2},"end":{"line":104,"column":4}}},"fnMap":{"0":{"name":"(anonymous_0)","decl":{"start":{"line":25,"column":25},"end":{"line":25,"column":26}},"loc":{"start":{"line":25,"column":31},"end":{"line":105,"column":1}},"line":25},"1":{"name":"(anonymous_1)","decl":{"start":{"line":33,"column":4},"end":{"line":33,"column":5}},"loc":{"start":{"line":33,"column":36},"end":{"line":69,"column":5}},"line":33}},"branchMap":{"0":{"loc":{"start":{"line":55,"column":8},"end":{"line":61,"column":9}},"type":"if","locations":[{"start":{"line":55,"column":8},"end":{"line":61,"column":9}},{"start":{"line":55,"column":8},"end":{"line":61,"column":9}}],"line":55}},"s":{"0":1,"1":3,"2":3,"3":3,"4":3,"5":3,"6":3,"7":3,"8":3,"9":3,"10":2,"11":1,"12":2,"13":1,"14":1,"15":1,"16":1,"17":3},"f":{"0":3,"1":3},"b":{"0":[1,1]},"_coverageSchema":"43e27e138ebf9cfc5966b082cf9a028302ed4184","hash":"b8665586368d741d093867892fc4ae445b249c1b"}
,"/home/gabriel/Área de Trabalho/Projetos/gobarber/web/src/pages/SignUp/index.tsx": {"path":"/home/gabriel/Área de Trabalho/Projetos/gobarber/web/src/pages/SignUp/index.tsx","statementMap":{"0":{"start":{"line":27,"column":25},"end":{"line":109,"column":1}},"1":{"start":{"line":28,"column":18},"end":{"line":28,"column":43}},"2":{"start":{"line":29,"column":23},"end":{"line":29,"column":33}},"3":{"start":{"line":30,"column":18},"end":{"line":30,"column":30}},"4":{"start":{"line":32,"column":23},"end":{"line":75,"column":3}},"5":{"start":{"line":34,"column":6},"end":{"line":72,"column":7}},"6":{"start":{"line":35,"column":8},"end":{"line":35,"column":39}},"7":{"start":{"line":37,"column":23},"end":{"line":43,"column":10}},"8":{"start":{"line":45,"column":8},"end":{"line":47,"column":11}},"9":{"start":{"line":49,"column":8},"end":{"line":49,"column":39}},"10":{"start":{"line":51,"column":8},"end":{"line":55,"column":11}},"11":{"start":{"line":57,"column":8},"end":{"line":57,"column":26}},"12":{"start":{"line":59,"column":8},"end":{"line":65,"column":9}},"13":{"start":{"line":60,"column":25},"end":{"line":60,"column":49}},"14":{"start":{"line":62,"column":10},"end":{"line":62,"column":45}},"15":{"start":{"line":64,"column":10},"end":{"line":64,"column":17}},"16":{"start":{"line":67,"column":8},"end":{"line":71,"column":11}},"17":{"start":{"line":77,"column":2},"end":{"line":108,"column":4}}},"fnMap":{"0":{"name":"(anonymous_0)","decl":{"start":{"line":27,"column":25},"end":{"line":27,"column":26}},"loc":{"start":{"line":27,"column":31},"end":{"line":109,"column":1}},"line":27},"1":{"name":"(anonymous_1)","decl":{"start":{"line":33,"column":4},"end":{"line":33,"column":5}},"loc":{"start":{"line":33,"column":36},"end":{"line":73,"column":5}},"line":33}},"branchMap":{"0":{"loc":{"start":{"line":59,"column":8},"end":{"line":65,"column":9}},"type":"if","locations":[{"start":{"line":59,"column":8},"end":{"line":65,"column":9}},{"start":{"line":59,"column":8},"end":{"line":65,"column":9}}],"line":59}},"s":{"0":0,"1":0,"2":0,"3":0,"4":0,"5":0,"6":0,"7":0,"8":0,"9":0,"10":0,"11":0,"12":0,"13":0,"14":0,"15":0,"16":0,"17":0},"f":{"0":0,"1":0},"b":{"0":[0,0]},"hash":"484d01ddf9e57f9f1082c07b92b07ccfcad0edf7"}
}
