TN:
SF:/home/gabriel/Área de Trabalho/Projetos/gobarber/web/src/components/Button/index.tsx
FN:9,(anonymous_0)
FNF:1
FNH:1
FNDA:6,(anonymous_0)
DA:9,2
DA:10,6
LF:2
LH:2
BRDA:11,0,0,0
BRDA:11,0,1,6
BRF:2
BRH:1
end_of_record
TN:
SF:/home/gabriel/Área de Trabalho/Projetos/gobarber/web/src/components/Input/index.tsx
FN:20,(anonymous_0)
FN:31,(anonymous_1)
FN:35,(anonymous_2)
FN:41,(anonymous_3)
FNF:4
FNH:2
FNDA:35,(anonymous_0)
FNDA:0,(anonymous_1)
FNDA:0,(anonymous_2)
FNDA:15,(anonymous_3)
DA:20,2
DA:26,35
DA:27,35
DA:28,35
DA:29,35
DA:31,35
DA:32,0
DA:35,35
DA:36,0
DA:38,0
DA:41,35
DA:42,15
DA:49,35
LF:13
LH:10
BRDA:21,0,0,35
BRDA:56,1,0,35
BRDA:56,1,1,35
BRDA:65,2,0,35
BRDA:65,2,1,2
BRF:5
BRH:5
end_of_record
TN:
SF:/home/gabriel/Área de Trabalho/Projetos/gobarber/web/src/components/ToastContainer/index.tsx
FN:13,(anonymous_0)
FN:16,(anonymous_1)
FN:26,(anonymous_2)
FNF:3
FNH:0
FNDA:0,(anonymous_0)
FNDA:0,(anonymous_1)
FNDA:0,(anonymous_2)
DA:13,0
DA:14,0
DA:16,0
DA:24,0
DA:27,0
LF:5
LH:0
BRF:0
BRH:0
end_of_record
TN:
SF:/home/gabriel/Área de Trabalho/Projetos/gobarber/web/src/components/ToastContainer/Toast/index.tsx
FN:24,(anonymous_0)
FN:27,(anonymous_1)
FN:28,(anonymous_2)
FN:32,(anonymous_3)
FN:50,(anonymous_4)
FNF:5
FNH:0
FNDA:0,(anonymous_0)
FNDA:0,(anonymous_1)
FNDA:0,(anonymous_2)
FNDA:0,(anonymous_3)
FNDA:0,(anonymous_4)
DA:18,0
DA:24,0
DA:25,0
DA:27,0
DA:28,0
DA:29,0
DA:32,0
DA:33,0
DA:37,0
DA:50,0
LF:10
LH:0
BRDA:43,0,0,0
BRDA:43,0,1,0
BRDA:47,1,0,0
BRDA:47,1,1,0
BRF:4
BRH:0
end_of_record
TN:
SF:/home/gabriel/Área de Trabalho/Projetos/gobarber/web/src/components/Tooltip/index.tsx
FN:10,(anonymous_0)
FNF:1
FNH:1
FNDA:2,(anonymous_0)
DA:10,2
DA:15,2
LF:2
LH:2
BRDA:12,0,0,0
BRF:1
BRH:0
end_of_record
TN:
SF:/home/gabriel/Área de Trabalho/Projetos/gobarber/web/src/hooks/auth.tsx
FN:31,(anonymous_0)
FN:32,(anonymous_1)
FN:45,(anonymous_2)
FN:58,(anonymous_3)
FN:66,(anonymous_4)
FN:87,useAuth
FNF:6
FNH:0
FNDA:0,(anonymous_0)
FNDA:0,(anonymous_1)
FNDA:0,(anonymous_2)
FNDA:0,(anonymous_3)
FNDA:0,(anonymous_4)
FNDA:0,useAuth
DA:29,0
DA:31,0
DA:32,0
DA:33,0
DA:34,0
DA:36,0
DA:37,0
DA:39,0
DA:42,0
DA:45,0
DA:46,0
DA:48,0
DA:50,0
DA:51,0
DA:53,0
DA:55,0
DA:58,0
DA:59,0
DA:60,0
DA:62,0
DA:65,0
DA:67,0
DA:72,0
DA:73,0
DA:78,0
DA:88,0
DA:90,0
DA:91,0
DA:94,0
LF:29
LH:0
BRDA:36,0,0,0
BRDA:36,0,1,0
BRDA:36,1,0,0
BRDA:36,1,1,0
BRDA:90,2,0,0
BRDA:90,2,1,0
BRF:6
BRH:0
end_of_record
TN:
SF:/home/gabriel/Área de Trabalho/Projetos/gobarber/web/src/hooks/toast.tsx
FN:20,(anonymous_0)
FN:24,(anonymous_1)
FN:34,(anonymous_2)
FN:39,(anonymous_3)
FN:40,(anonymous_4)
FN:41,(anonymous_5)
FN:53,useToast
FNF:7
FNH:0
FNDA:0,(anonymous_0)
FNDA:0,(anonymous_1)
FNDA:0,(anonymous_2)
FNDA:0,(anonymous_3)
FNDA:0,(anonymous_4)
FNDA:0,(anonymous_5)
FNDA:0,useToast
DA:18,0
DA:20,0
DA:21,0
DA:23,0
DA:25,0
DA:27,0
DA:34,0
DA:39,0
DA:40,0
DA:41,0
DA:45,0
DA:54,0
DA:56,0
DA:57,0
DA:60,0
LF:15
LH:0
BRDA:56,0,0,0
BRDA:56,0,1,0
BRF:2
BRH:0
end_of_record
TN:
SF:/home/gabriel/Área de Trabalho/Projetos/gobarber/web/src/pages/Dashboard/index.tsx
FN:41,(anonymous_0)
FN:51,(anonymous_1)
FN:57,(anonymous_2)
FN:61,(anonymous_3)
FN:69,(anonymous_4)
FN:74,(anonymous_5)
FN:83,(anonymous_6)
FN:84,(anonymous_7)
FN:95,(anonymous_8)
FN:97,(anonymous_9)
FN:98,(anonymous_10)
FN:108,(anonymous_11)
FN:112,(anonymous_12)
FN:116,(anonymous_13)
FN:117,(anonymous_14)
FN:122,(anonymous_15)
FN:123,(anonymous_16)
FN:128,(anonymous_17)
FN:129,(anonymous_18)
FN:189,(anonymous_19)
FN:214,(anonymous_20)
FNF:21
FNH:0
FNDA:0,(anonymous_0)
FNDA:0,(anonymous_1)
FNDA:0,(anonymous_2)
FNDA:0,(anonymous_3)
FNDA:0,(anonymous_4)
FNDA:0,(anonymous_5)
FNDA:0,(anonymous_6)
FNDA:0,(anonymous_7)
FNDA:0,(anonymous_8)
FNDA:0,(anonymous_9)
FNDA:0,(anonymous_10)
FNDA:0,(anonymous_11)
FNDA:0,(anonymous_12)
FNDA:0,(anonymous_13)
FNDA:0,(anonymous_14)
FNDA:0,(anonymous_15)
FNDA:0,(anonymous_16)
FNDA:0,(anonymous_17)
FNDA:0,(anonymous_18)
FNDA:0,(anonymous_19)
FNDA:0,(anonymous_20)
DA:41,0
DA:42,0
DA:43,0
DA:44,0
DA:45,0
DA:49,0
DA:51,0
DA:52,0
DA:53,0
DA:57,0
DA:58,0
DA:61,0
DA:62,0
DA:70,0
DA:74,0
DA:75,0
DA:84,0
DA:85,0
DA:91,0
DA:95,0
DA:96,0
DA:97,0
DA:99,0
DA:100,0
DA:102,0
DA:105,0
DA:108,0
DA:109,0
DA:112,0
DA:113,0
DA:116,0
DA:117,0
DA:118,0
DA:122,0
DA:123,0
DA:124,0
DA:128,0
DA:129,0
DA:130,0
DA:134,0
DA:190,0
DA:215,0
LF:42
LH:0
BRDA:52,0,0,0
BRDA:52,0,1,0
BRDA:52,1,0,0
BRDA:52,1,1,0
BRDA:159,2,0,0
BRDA:159,2,1,0
BRDA:163,3,0,0
BRDA:163,3,1,0
BRDA:163,3,2,0
BRDA:185,4,0,0
BRDA:185,4,1,0
BRDA:210,5,0,0
BRDA:210,5,1,0
BRF:13
BRH:0
end_of_record
TN:
SF:/home/gabriel/Área de Trabalho/Projetos/gobarber/web/src/pages/ForgotPassword/index.tsx
FN:24,(anonymous_0)
FN:31,(anonymous_1)
FNF:2
FNH:0
FNDA:0,(anonymous_0)
FNDA:0,(anonymous_1)
DA:24,0
DA:25,0
DA:26,0
DA:28,0
DA:30,0
DA:32,0
DA:33,0
DA:34,0
DA:36,0
DA:42,0
DA:48,0
DA:50,0
DA:56,0
DA:57,0
DA:59,0
DA:61,0
DA:64,0
DA:71,0
DA:77,0
LF:19
LH:0
BRDA:56,0,0,0
BRDA:56,0,1,0
BRF:2
BRH:0
end_of_record
TN:
SF:/home/gabriel/Área de Trabalho/Projetos/gobarber/web/src/pages/Profile/index.tsx
FN:28,(anonymous_0)
FN:36,(anonymous_1)
FN:47,(anonymous_2)
FN:53,(anonymous_3)
FN:115,(anonymous_4)
FN:121,(anonymous_5)
FNF:6
FNH:0
FNDA:0,(anonymous_0)
FNDA:0,(anonymous_1)
FNDA:0,(anonymous_2)
FNDA:0,(anonymous_3)
FNDA:0,(anonymous_4)
FNDA:0,(anonymous_5)
DA:28,0
DA:29,0
DA:30,0
DA:31,0
DA:33,0
DA:35,0
DA:37,0
DA:38,0
DA:40,0
DA:47,0
DA:53,0
DA:60,0
DA:70,0
DA:72,0
DA:84,0
DA:86,0
DA:88,0
DA:90,0
DA:96,0
DA:97,0
DA:99,0
DA:101,0
DA:104,0
DA:114,0
DA:116,0
DA:117,0
DA:119,0
DA:121,0
DA:122,0
DA:124,0
DA:134,0
LF:31
LH:0
BRDA:75,0,0,0
BRDA:75,0,1,0
BRDA:96,1,0,0
BRDA:96,1,1,0
BRDA:116,2,0,0
BRDA:116,2,1,0
BRF:6
BRH:0
end_of_record
TN:
SF:/home/gabriel/Área de Trabalho/Projetos/gobarber/web/src/pages/ResetPassword/index.tsx
FN:25,(anonymous_0)
FN:34,(anonymous_1)
FNF:2
FNH:0
FNDA:0,(anonymous_0)
FNDA:0,(anonymous_1)
DA:25,0
DA:26,0
DA:28,0
DA:29,0
DA:31,0
DA:33,0
DA:35,0
DA:36,0
DA:38,0
DA:46,0
DA:50,0
DA:51,0
DA:53,0
DA:54,0
DA:57,0
DA:63,0
DA:65,0
DA:66,0
DA:68,0
DA:70,0
DA:73,0
DA:83,0
LF:22
LH:0
BRDA:53,0,0,0
BRDA:53,0,1,0
BRDA:65,1,0,0
BRDA:65,1,1,0
BRF:4
BRH:0
end_of_record
TN:
SF:/home/gabriel/Área de Trabalho/Projetos/gobarber/web/src/pages/SignIn/index.tsx
FN:25,(anonymous_0)
FN:33,(anonymous_1)
FNF:2
FNH:2
FNDA:3,(anonymous_0)
FNDA:3,(anonymous_1)
DA:25,1
DA:26,3
DA:28,3
DA:29,3
DA:30,3
DA:32,3
DA:34,3
DA:35,3
DA:37,3
DA:44,3
DA:48,2
DA:53,1
DA:55,2
DA:56,1
DA:58,1
DA:60,1
DA:63,1
DA:73,3
LF:18
LH:18
BRDA:55,0,0,1
BRDA:55,0,1,1
BRF:2
BRH:2
end_of_record
TN:
SF:/home/gabriel/Área de Trabalho/Projetos/gobarber/web/src/pages/SignUp/index.tsx
FN:27,(anonymous_0)
FN:33,(anonymous_1)
FNF:2
FNH:2
FNDA:3,(anonymous_0)
FNDA:3,(anonymous_1)
DA:27,1
DA:28,3
DA:29,3
DA:30,3
DA:32,3
DA:34,3
DA:35,3
DA:37,3
DA:45,3
DA:49,2
DA:51,1
DA:57,1
DA:59,2
DA:60,1
DA:62,1
DA:64,1
DA:67,1
DA:77,3
LF:18
LH:18
BRDA:59,0,0,1
BRDA:59,0,1,1
BRF:2
BRH:2
end_of_record
